<?xml version="1.0" encoding="UTF-8"?>
<!-- Generated by org.testng.reporters.JUnitReportReporter -->
<testsuite hostname="del1-lhp-n78092" failures="0" tests="1" name="DemoBlazeTest.LoginPageTest" time="6.375" errors="0" timestamp="2022-02-15T16:52:04 IST" skipped="0">
  <testcase classname="DemoBlazeTest.LoginPageTest" name="loginTest" time="6.375"/>
  <system-out/>
</testsuite> <!-- DemoBlazeTest.LoginPageTest -->
