<?xml version="1.0" encoding="UTF-8"?>
<!-- Generated by org.testng.reporters.JUnitReportReporter -->
<testsuite hostname="del1-lhp-n78092" failures="0" tests="1" name="DemoBlazeTest.FillFormPageTest" time="20.536" errors="0" timestamp="2022-02-17T17:35:31 IST" skipped="0">
  <testcase classname="DemoBlazeTest.FillFormPageTest" name="fillOrderForm1" time="20.536"/>
  <system-out/>
</testsuite> <!-- DemoBlazeTest.FillFormPageTest -->
