<?xml version="1.0" encoding="UTF-8"?>
<!-- Generated by org.testng.reporters.JUnitReportReporter -->
<testsuite hostname="del1-lhp-n78092" failures="0" tests="1" name="DemoBlazeTest.HomePageTest" time="17.376" errors="0" timestamp="2022-02-15T16:59:25 IST" skipped="0">
  <testcase classname="DemoBlazeTest.HomePageTest" name="scroll" time="17.376"/>
  <system-out/>
</testsuite> <!-- DemoBlazeTest.HomePageTest -->
