<?xml version="1.0" encoding="UTF-8"?>
<!-- Generated by org.testng.reporters.JUnitReportReporter -->
<testsuite hostname="del1-lhp-n78092" failures="0" tests="1" name="DemoBlazeTest.PlaceOrderPageTest" time="13.138" errors="0" timestamp="2022-02-16T12:36:06 IST" skipped="0">
  <testcase classname="DemoBlazeTest.PlaceOrderPageTest" name="fillOrderForm" time="13.138"/>
  <system-out/>
</testsuite> <!-- DemoBlazeTest.PlaceOrderPageTest -->
