<?xml version="1.0" encoding="UTF-8"?>
<!-- Generated by org.testng.reporters.JUnitReportReporter -->
<testsuite hostname="del1-lhp-n78092" failures="0" tests="1" name="DemoBlaze.LoginPageTest" time="7.640" errors="0" timestamp="2022-02-15T16:19:34 IST" skipped="0">
  <testcase classname="DemoBlaze.LoginPageTest" name="loginTest" time="7.640"/>
  <system-out/>
</testsuite> <!-- DemoBlaze.LoginPageTest -->
