<?xml version="1.0" encoding="UTF-8"?>
<!-- Generated by org.testng.reporters.JUnitReportReporter -->
<testsuite hostname="del1-lhp-n78092" failures="0" tests="2" name="DemoBlazeTest.SignUpPageTest" time="20.315" errors="0" timestamp="2022-02-16T16:09:39 IST" skipped="0">
  <testcase classname="DemoBlazeTest.SignUpPageTest" name="signUpForm" time="10.384"/>
  <system-out/>
  <testcase classname="DemoBlazeTest.SignUpPageTest" name="signUpForm" time="9.931"/>
  <system-out/>
</testsuite> <!-- DemoBlazeTest.SignUpPageTest -->
