<?xml version="1.0" encoding="UTF-8"?>
<!-- Generated by org.testng.reporters.JUnitReportReporter -->
<testsuite hostname="del1-lhp-n78092" failures="0" tests="1" name="DemoBlazeTest.AddToCartPageTest" time="10.605" errors="0" timestamp="2022-02-15T18:07:52 IST" skipped="0">
  <testcase classname="DemoBlazeTest.AddToCartPageTest" name="add" time="10.605"/>
  <system-out/>
</testsuite> <!-- DemoBlazeTest.AddToCartPageTest -->
