<?xml version="1.0" encoding="UTF-8"?>
<!-- Generated by org.testng.reporters.JUnitReportReporter -->
<testsuite hostname="del1-lhp-n78092" failures="0" tests="1" name="DemoBlazeTest.ProductAddedPageTest" time="14.557" errors="0" timestamp="2022-02-16T09:20:19 IST" skipped="0">
  <testcase classname="DemoBlazeTest.ProductAddedPageTest" name="placeOrder" time="14.557"/>
  <system-out/>
</testsuite> <!-- DemoBlazeTest.ProductAddedPageTest -->
